0 0 0 0 0 0 0 0 0 0 0 0 0 0 0 0 0 0 0 0 0 0 0 0 0 0 0 0 0 0 0 0 0 0 0 0 0 
0 1 1 1 1 1 1 1 0 1 1 1 1 1 0 1 1 1 1 1 1 1 1 1 1 1 0 1 1 1 1 1 0 1 1 1 0 
0 1 0 1 0 0 0 1 0 1 0 0 0 1 0 1 0 0 0 1 0 0 0 0 0 0 0 1 0 0 0 0 0 1 0 0 0 
0 1 0 1 0 1 1 1 0 1 1 1 1 1 1 1 1 1 0 1 1 1 1 1 1 1 1 1 1 1 1 1 1 1 1 1 0 
0 1 0 1 0 1 0 0 0 1 0 1 0 0 0 0 0 0 0 0 0 0 0 0 0 0 0 0 0 1 0 0 0 0 0 0 0 
0 1 0 1 0 1 0 1 1 1 0 1 0 1 1 1 1 1 0 1 1 1 1 1 1 1 1 1 0 1 1 1 0 1 1 1 0 
0 1 0 1 0 1 0 1 0 0 0 0 0 1 0 0 0 0 0 1 0 0 0 0 0 0 0 0 0 0 0 0 0 1 0 0 0 
0 1 0 1 0 1 1 1 1 1 0 1 1 1 1 1 0 1 1 1 0 1 1 1 1 1 0 1 1 1 0 1 1 1 1 1 0 
0 1 0 1 0 1 0 0 0 0 0 1 0 1 0 0 0 1 0 0 0 1 0 0 0 0 0 1 0 1 0 1 0 0 0 1 0 
0 1 0 1 0 1 0 1 0 1 1 1 0 1 0 1 1 1 1 1 1 1 1 1 0 1 1 1 1 1 0 1 1 1 1 1 0 
0 1 0 1 0 1 0 1 0 1 0 0 0 0 0 0 0 1 0 0 0 0 0 0 0 1 0 0 0 0 0 1 0 0 0 0 0 
0 1 0 1 0 1 0 1 0 1 0 1 0 1 0 1 1 1 1 1 1 1 1 1 0 1 0 1 1 1 0 1 1 1 0 1 0 
0 1 0 1 0 1 0 1 0 1 0 1 0 1 0 0 0 1 0 0 0 0 0 0 0 1 0 1 0 1 0 1 0 0 0 1 0 
0 1 0 1 0 1 1 1 0 1 1 1 0 1 0 1 0 1 1 1 1 1 1 1 0 1 1 1 0 1 0 1 0 1 0 1 0 
0 1 0 1 0 0 0 1 0 1 0 0 0 1 0 1 0 1 0 0 0 0 0 0 0 1 0 1 0 1 0 1 0 1 0 1 0 
0 1 0 1 1 1 0 1 1 1 1 1 1 1 1 1 1 1 1 1 1 1 1 1 1 1 1 1 0 1 1 1 0 1 0 1 0 
0 1 0 0 0 1 0 1 0 0 0 0 0 0 0 0 0 0 0 0 0 0 0 0 0 0 0 0 0 1 0 0 0 1 0 1 0 
0 1 0 1 1 1 1 1 1 1 0 1 1 1 1 1 1 1 0 1 1 1 0 1 0 1 1 1 0 1 0 1 0 1 0 1 0 
0 1 0 1 0 0 0 0 0 1 0 1 0 0 0 0 0 1 0 1 0 0 0 1 0 1 0 0 0 1 0 1 0 1 0 1 0 
0 1 1 1 1 1 1 1 0 1 1 1 1 1 1 1 0 1 0 1 1 1 1 1 0 1 1 1 1 1 0 1 1 1 0 1 0 
0 1 0 0 0 0 0 0 0 1 0 0 0 0 0 0 0 1 0 1 0 0 0 0 0 1 0 0 0 0 0 1 0 0 0 1 0 
0 1 1 1 0 1 1 1 1 1 0 1 0 1 0 1 1 1 1 1 0 1 0 1 0 1 0 1 1 1 0 1 0 1 0 1 0 
0 1 0 0 0 1 0 0 0 0 0 1 0 1 0 0 0 1 0 0 0 1 0 1 0 1 0 1 0 0 0 1 0 1 0 1 0 
0 1 1 1 1 1 0 1 1 1 0 1 0 1 0 1 1 1 1 1 0 1 0 1 1 1 1 1 0 1 1 1 1 1 0 1 0 
0 1 0 0 0 0 0 1 0 0 0 1 0 1 0 1 0 0 0 1 0 1 0 1 0 0 0 0 0 1 0 0 0 0 0 1 0 
0 1 0 1 0 1 1 1 0 1 0 1 0 1 1 1 1 1 0 1 0 1 1 1 1 1 0 1 1 1 1 1 1 1 1 1 0 
0 1 0 1 0 1 0 1 0 1 0 1 0 1 0 0 0 0 0 1 0 1 0 0 0 1 0 1 0 0 0 0 0 0 0 0 0 
0 1 0 1 0 1 1 1 0 1 1 1 0 1 1 1 1 1 0 1 1 1 0 1 0 1 0 1 0 1 0 1 1 1 0 1 0 
0 1 0 1 0 1 0 0 0 1 0 0 0 1 0 0 0 0 0 1 0 0 0 1 0 1 0 1 0 1 0 1 0 0 0 1 0 
0 1 0 1 1 1 1 1 1 1 1 1 1 1 0 1 1 1 1 1 0 1 1 1 1 1 0 1 1 1 1 1 0 1 1 1 0 
0 1 0 1 0 0 0 0 0 1 0 0 0 0 0 1 0 0 0 0 0 1 0 0 0 0 0 1 0 0 0 0 0 0 0 1 0 
0 1 0 1 0 1 1 1 0 1 1 1 0 1 0 1 1 1 1 1 1 1 1 1 1 1 1 1 1 1 1 1 0 1 1 1 0 
0 1 0 1 0 1 0 0 0 0 0 1 0 1 0 1 0 0 0 0 0 0 0 1 0 0 0 0 0 0 0 0 0 1 0 0 0 
0 1 1 1 1 1 1 1 1 1 0 1 1 1 1 1 1 1 0 1 0 1 0 1 1 1 1 1 0 1 1 1 1 1 1 1 0 
0 1 0 0 0 0 0 0 0 0 0 1 0 0 0 0 0 1 0 1 0 1 0 1 0 0 0 0 0 1 0 0 0 0 0 1 0 
0 1 1 1 1 1 1 1 1 1 1 1 1 1 1 1 0 1 1 1 1 1 0 1 1 1 1 1 1 1 1 1 1 1 1 1 0 
0 0 0 0 0 0 0 0 0 0 0 0 0 0 0 0 0 0 0 0 0 0 0 0 0 0 0 0 0 0 0 0 0 0 0 0 0 
0000000000000000000000000000000000000
0111111101111101111111111101111101110
0101000101000101000100000001000001000
0101011101111111110111111111111111110
0101010001010000000000000000010000000
0101010111010111110111111111011101110
0101010100000100000100000000000001000
0101011111011111011101111101110111110
0101010000010100010001000001010100010
0101010101110101111111110111110111110
0101010101000000010000000100000100000
0101010101010101111111110101110111010
0101010101010100010000000101010100010
0101011101110101011111110111010101010
0101000101000101010000000101010101010
0101110111111111111111111111011101010
0100010100000000000000000000010001010
0101111111011111110111010111010101010
0101000001010000010100010100010101010
0111111101111111010111110111110111010
0100000001000000010100000100000100010
0111011111010101111101010101110101010
0100010000010100010001010101000101010
0111110111010101111101011111011111010
0100000100010101000101010000010000010
0101011101010111110101111101111111110
0101010101010100000101000101000000000
0101011101110111110111010101010111010
0101010001000100000100010101010100010
0101111111111101111101111101111101110
0101000001000001000001000001000000010
0101011101110101111111111111111101110
0101010000010101000000010000000001000
0111111111011111110101011111011111110
0100000000010000010101010000010000010
0111111111111111011111011111111111110
0000000000000000000000000000000000000
395 F 749
331 F 661
331 F 661
331 F 661
331 F 661
298 F 621
298 F 621
298 F 621
291 F 614
291 F 614
266 F 597
257 F 591
257 F 591
257 F 591
233 F 568
233 F 568
233 F 568
216 F 547
214 F 542
214 F 542
214 F 542
214 F 542
199 F 520
199 F 520
199 F 520
199 F 520
186 F 500
183 F 497
183 F 497
183 F 497
183 F 497
172 F 485
172 F 485
172 F 485
172 F 485
166 F 479
166 F 479
166 F 479
166 F 479
166 F 479
165 F 479
160 F 474
160 F 474
160 F 474
160 F 474
145 F 457
145 F 457
145 F 457
145 F 457
76 F 383
76 F 383
76 F 383
76 F 383
56 F 366
56 F 366
56 F 366
52 F 362
33 F 346
33 F 346
33 F 346
33 F 346
17 F 334
17 F 334
13 F 330
13 F 330
13 F 330
2 F 320
2 F 320
2 F 320
2 F 320
0 F 315
0 F 315
5 F 196
5 F 196
5 F 196
5 F 185
5 F 185
5 F 185
5 F 185
4 F 179
4 F 179
4 F 179
4 F 179
4 F 179
4 F 174
4 F 174
4 F 173
4 F 173
4 F 173
4 F 170
4 F 170
4 F 163
5 F 157
5 F 157
5 F 157
10 F 141
10 F 141
10 F 141
10 F 141
11 F 137
11 F 136
11 F 136
11 F 136
14 F 101
14 F 101
14 F 101
15 F 93
15 F 93
16 F 78
16 F 78
16 F 78
16 F 78
13 F 66
13 F 63
13 F 63
13 F 63
13 F 63
12 F 56
12 F 56
12 F 56
12 F 56
10 F 51
10 F 51
10 F 51
10 F 51
10 F 48
10 F 48
10 F 48
10 F 47
10 F 46
10 F 45
10 F 44
9 F 43
10 F 42
10 F 42
12 F 42
12 F 42
15 F 42
15 F 42
15 F 42
18 F 42
18 F 42
18 F 42
19 F 42
21 F 42
21 F 42
23 F 41
23 F 41
27 F 41
28 F 41
28 F 41
28 F 41
28 F 41
32 F 41
32 F 41
32 F 41
32 F 41
34 F 41
34 F 41
35 F 41
37 F 41
37 F 41
39 F 41
39 F 41
1 clicked 1
108 F 98
108 F 98
108 F 98
166 F 165
166 F 165
166 F 165
212 F 239
212 F 239
212 F 239
212 F 239
246 F 303
246 F 303
246 F 303
246 F 303
246 F 303
273 F 352
273 F 352
273 F 352
273 F 352
309 F 424
309 F 424
309 F 424
309 F 424
309 F 424
324 F 460
324 F 460
324 F 460
324 F 460
328 F 465
328 F 465
328 F 465
318 F 466
318 F 466
318 F 466
318 F 466
318 F 466
300 F 466
300 F 466
300 F 466
300 F 466
263 F 467
263 F 467
263 F 467
263 F 467
263 F 467
249 F 467
249 F 467
249 F 467
249 F 467
247 F 467
237 F 467
237 F 467
237 F 467
237 F 467
230 F 469
228 F 469
228 F 469
228 F 469
228 F 469
223 F 471
223 F 471
223 F 471
223 F 471
217 F 474
217 F 474
217 F 474
217 F 474
217 F 474
211 F 477
211 F 477
211 F 477
211 F 477
206 F 480
206 F 480
206 F 480
208 F 472
227 F 442
227 F 442
227 F 442
227 F 442
227 F 442
240 F 432
240 F 432
240 F 432
240 F 432
260 F 424
260 F 424
260 F 424
260 F 424
260 F 424
278 F 419
278 F 419
278 F 419
278 F 419
301 F 413
301 F 413
301 F 413
301 F 413
301 F 413
321 F 408
321 F 408
321 F 408
321 F 408
354 F 403
354 F 403
354 F 403
354 F 403
354 F 403
376 F 399
376 F 399
376 F 399
376 F 399
382 F 399
406 F 397
406 F 397
406 F 397
406 F 397
424 F 397
424 F 397
424 F 397
428 F 397
428 F 397
446 F 395
446 F 395
446 F 395
446 F 395
463 F 393
463 F 393
463 F 393
463 F 393
465 F 392
477 F 391
477 F 391
477 F 391
477 F 391
492 F 387
496 F 386
496 F 386
496 F 386
496 F 386
509 F 384
509 F 384
509 F 384
509 F 384
521 F 381
521 F 381
521 F 381
521 F 381
521 F 381
528 F 380
528 F 380
528 F 380
528 F 380
533 F 379
533 F 379
533 F 379
533 F 379
537 F 379
537 F 379
537 F 379
537 F 379
540 F 379
540 F 379
540 F 379
541 F 379
543 F 378
543 F 378
544 F 378
545 F 377
545 F 377
546 F 377
546 F 376
22 clicked 15
536 F 373
530 F 372
530 F 372
470 F 364
470 F 364
470 F 364
470 F 364
380 F 350
380 F 350
380 F 350
380 F 350
380 F 350
287 F 324
287 F 324
287 F 324
287 F 324
207 F 282
207 F 282
207 F 282
207 F 282
207 F 282
174 F 260
174 F 260
174 F 260
174 F 260
171 F 257
161 F 249
161 F 249
161 F 249
161 F 249
159 F 247
159 F 247
159 F 247
159 F 246
162 F 239
162 F 239
165 F 234
165 F 234
172 F 222
172 F 222
172 F 222
172 F 222
173 F 219
173 F 218
173 F 218
173 F 218
174 F 217
174 F 215
174 F 215
174 F 213
174 F 213
174 F 212
177 F 204
177 F 204
177 F 204
177 F 204
177 F 204
188 F 173
188 F 173
188 F 173
188 F 173
192 F 161
192 F 161
192 F 161
192 F 161
192 F 161
192 F 159
192 F 159
192 F 158
192 F 156
192 F 156
192 F 157
192 F 160
192 F 160
192 F 160
191 F 163
191 F 163
191 F 163
190 F 165
190 F 165
189 F 165
188 F 166
187 F 166
7 clicked 6
points selected are: 
1 1
22 15
7 6
Matrix start
Matrix done
starting point: 1 1
ending point: 22 15
stone coordinates are: 
7 6
Path start
Maincopy called
Evaluation start
initial
initial
first for loop done
second for loop done
229 229 0 0
229 577 28 28
229 38 17 17
577 229 28 28
577 577 0 0
577 38 39 39
38 229 17 17
38 577 39 39
38 38 0 0
3rd for loop done
Order to traverse => 1 1
6 7
15 22

second last for loop done
writing to location
Evaluation done
path done
1 1
2 1
3 1
4 1
5 1
6 1
7 1
7 2
7 3
6 3
5 3
5 4
5 5
5 6
5 7
6 7
7 7
7 6
7 7
6 7
5 7
5 8
5 9
5 10
5 11
5 12
5 13
6 13
7 13
7 14
7 15
8 15
9 15
10 15
11 15
12 15
13 15
14 15
15 15
16 15
17 15
18 15
19 15
20 15
21 15
22 15
0
1
2
3
4
5
6
7
8
9
10
11
12
13
14
15
16
17
18
19
20
21
22
23
24
25
26
27
28
29
30
31
32
33
34
35
36
37
38
39
40
41
42
43
44
45
2147483647DONE
